Using pre-set license
Built from '2020.2/staging' branch; Version is '2020.2.5f1 (e2c53f129de5) revision 14861631'; Using compiler version '192528614'; Build Type 'Release'
OS: 'Windows 10 Home; OS build 19041.867; Version 2004; 64bit' Language: 'en' Physical Memory: 16333 MB
BatchMode: 1, IsHumanControllingUs: 0, StartBugReporterOnCrash: 0, Is64bit: 1, IsPro: 0

 COMMAND LINE ARGUMENTS:
D:\2020.2.5f1\Editor\Unity.exe
-adb2
-batchMode
-noUpm
-name
AssetImportWorker0
-projectPath
D:/Repo/Bas_Project/BackGrounPracticeBas
-logFile
Logs/AssetImportWorker0.log
-srvPort
61077
Successfully changed project path to: D:/Repo/Bas_Project/BackGrounPracticeBas
D:/Repo/Bas_Project/BackGrounPracticeBas
Using Asset Import Pipeline V2.
Refreshing native plugins compatible for Editor in 62.47 ms, found 1 plugins.
Preloading 0 native plugins for Editor in 0.00 ms.
Initialize engine version: 2020.2.5f1 (e2c53f129de5)
[Subsystems] Discovering subsystems at path D:/2020.2.5f1/Editor/Data/Resources/UnitySubsystems
[Subsystems] Discovering subsystems at path D:/Repo/Bas_Project/BackGrounPracticeBas/Assets
GfxDevice: creating device client; threaded=0
Direct3D:
    Version:  Direct3D 11.0 [level 11.1]
    Renderer: NVIDIA GeForce GTX 970M (ID=0x1618)
    Vendor:   
    VRAM:     3029 MB
    Driver:   26.21.14.3086
Initialize mono
Mono path[0] = 'D:/2020.2.5f1/Editor/Data/Managed'
Mono path[1] = 'D:/2020.2.5f1/Editor/Data/MonoBleedingEdge/lib/mono/unityjit'
Mono config path = 'D:/2020.2.5f1/Editor/Data/MonoBleedingEdge/etc'
Using monoOptions --debugger-agent=transport=dt_socket,embedding=1,server=y,suspend=n,address=127.0.0.1:56744
Begin MonoManager ReloadAssembly
Registering precompiled unity dll's ...
Register platform support module: D:/2020.2.5f1/Editor/Data/PlaybackEngines/MacStandaloneSupport/UnityEditor.OSXStandalone.Extensions.dll
Register platform support module: D:/2020.2.5f1/Editor/Data/PlaybackEngines/WindowsStandaloneSupport/UnityEditor.WindowsStandalone.Extensions.dll
Registered in 0.003182 seconds.
Native extension for WindowsStandalone target not found
Native extension for OSXStandalone target not found
Refreshing native plugins compatible for Editor in 78.35 ms, found 1 plugins.
Preloading 0 native plugins for Editor in 0.00 ms.
Invoked RoslynAnalysisRunner static constructor.
RoslynAnalysisRunner will not be running.
RoslynAnalysisRunner has terminated.
Mono: successfully reloaded assembly
- Completed reload, in  2.759 seconds
Platform modules already initialized, skipping
Registering precompiled user dll's ...
Registered in 0.001296 seconds.
Begin MonoManager ReloadAssembly
Native extension for WindowsStandalone target not found
Native extension for OSXStandalone target not found
Refreshing native plugins compatible for Editor in 65.99 ms, found 1 plugins.
Preloading 0 native plugins for Editor in 0.00 ms.
Invoked RoslynAnalysisRunner static constructor.
RoslynAnalysisRunner will not be running.
RoslynAnalysisRunner has terminated.
Mono: successfully reloaded assembly
- Completed reload, in  1.817 seconds
Platform modules already initialized, skipping
========================================================================
Worker process is ready to serve import requests
Launched and connected shader compiler UnityShaderCompiler.exe after 0.08 seconds
Refreshing native plugins compatible for Editor in 1.12 ms, found 1 plugins.
Preloading 0 native plugins for Editor in 0.00 ms.
Unloading 1773 Unused Serialized files (Serialized files now loaded: 0)
System memory in use before: 83.7 MB.
System memory in use after: 83.8 MB.

Unloading 19 unused Assets to reduce memory usage. Loaded Objects now: 2221.
Total: 4.446100 ms (FindLiveObjects: 0.537600 ms CreateObjectMapping: 0.301800 ms MarkObjects: 3.503500 ms  DeleteObjects: 0.101300 ms)

========================================================================
Received Import Request.
  path: Assets/Sprites/CharacterSheet.png
  artifactKey: Guid(ce21ab12adf629942a82bcb5db6b958e) Importer(815301076,1909f56bfc062723c751e8b465ee728b)
Start importing Assets/Sprites/CharacterSheet.png using Guid(ce21ab12adf629942a82bcb5db6b958e) Importer(815301076,1909f56bfc062723c751e8b465ee728b)  -> (artifact id: 'f732f89b4bf092d07b5307bdca704f1c') in 0.366366 seconds
  Import took 0.371953 seconds .

========================================================================
Received Import Request.
  Time since last request: 333.158048 seconds.
  path: Assets/Sprites/CharacterAnimation/Player_Controler.controller
  artifactKey: Guid(77f4490c06dd60a4691039ea0672cae8) Importer(815301076,1909f56bfc062723c751e8b465ee728b)
Start importing Assets/Sprites/CharacterAnimation/Player_Controler.controller using Guid(77f4490c06dd60a4691039ea0672cae8) Importer(815301076,1909f56bfc062723c751e8b465ee728b)  -> (artifact id: 'fbae96de5b461d4bce22f2aa725925bb') in 0.029763 seconds
  Import took 0.035823 seconds .

========================================================================
Received Import Request.
  Time since last request: 11.112193 seconds.
  path: Assets/Sprites/CharacterAnimation/Player_Controller.controller
  artifactKey: Guid(77f4490c06dd60a4691039ea0672cae8) Importer(815301076,1909f56bfc062723c751e8b465ee728b)
Start importing Assets/Sprites/CharacterAnimation/Player_Controller.controller using Guid(77f4490c06dd60a4691039ea0672cae8) Importer(815301076,1909f56bfc062723c751e8b465ee728b)  -> (artifact id: '208ce1de530d14df7393fceb2fbe741e') in 0.015396 seconds
  Import took 0.065915 seconds .

========================================================================
Received Prepare
Registering precompiled user dll's ...
Registered in 0.001155 seconds.
Begin MonoManager ReloadAssembly
Native extension for WindowsStandalone target not found
Native extension for OSXStandalone target not found
Refreshing native plugins compatible for Editor in 0.52 ms, found 1 plugins.
Preloading 0 native plugins for Editor in 0.00 ms.
Invoked RoslynAnalysisRunner static constructor.
RoslynAnalysisRunner will not be running.
RoslynAnalysisRunner has terminated.
Mono: successfully reloaded assembly
- Completed reload, in  1.571 seconds
Platform modules already initialized, skipping
Refreshing native plugins compatible for Editor in 0.53 ms, found 1 plugins.
Preloading 0 native plugins for Editor in 0.00 ms.
Unloading 1763 Unused Serialized files (Serialized files now loaded: 0)
System memory in use before: 86.5 MB.
System memory in use after: 86.6 MB.

Unloading 8 unused Assets to reduce memory usage. Loaded Objects now: 2240.
Total: 2.940200 ms (FindLiveObjects: 0.242500 ms CreateObjectMapping: 0.116000 ms MarkObjects: 2.558300 ms  DeleteObjects: 0.022100 ms)

AssetImportWorkerClient::OnTransportError - code=2 error=End of file
